
**** Build of configuration Release for project ProjectV3 ****

"C:\\TI\\ccsv6\\utils\\bin\\gmake" -k all 
'Building file: ../main.c'
'Invoking: ARM Compiler'
"C:/TI/ccsv6/tools/compiler/ti-cgt-arm_15.12.1.LTS/bin/armcl" -mv7M4 --code_state=16 --float_support=vfplib -me --opt_for_speed=0 --include_path="C:/TI/ccsv6/tools/compiler/ti-cgt-arm_15.12.1.LTS/include" --include_path="C:/ti/CC3200SDK_1.2.0/cc3200-sdk/third_party/fatfs/src" --include_path="C:/ti/CC3200SDK_1.2.0/cc3200-sdk/netapps/" --include_path="C:/ti/CC3200SDK_1.2.0/cc3200-sdk/netapps/json/" --include_path="C:/ti/CC3200SDK_1.2.0/cc3200-sdk/driverlib/" --include_path="C:/ti/CC3200SDK_1.2.0/cc3200-sdk/inc/" --include_path="C:/ti/CC3200SDK_1.2.0/cc3200-sdk/example/common" --include_path="C:/ti/CC3200SDK_1.2.0/cc3200-sdk/simplelink/" --include_path="C:/ti/CC3200SDK_1.2.0/cc3200-sdk/simplelink/source" --include_path="C:/ti/CC3200SDK_1.2.0/cc3200-sdk/simplelink/include" --include_path="C:/ti/CC3200SDK_1.2.0/cc3200-sdk/simplelink_extlib/provisioninglib" -g --define=cc3200 --define=__SL__ --define=ccs --diag_wrap=off --diag_warning=225 --display_error_number --abi=eabi --preproc_with_compile --preproc_dependency="main.d"  "../main.c"
"../main.c", line 303: warning #112-D: statement is unreachable
"../main.c", line 71: warning #179-D: function "DisplayBanner" was declared but never referenced
'Finished building: ../main.c'
' '
'Building target: ProjectV3.out'
'Invoking: ARM Linker'
"C:/TI/ccsv6/tools/compiler/ti-cgt-arm_15.12.1.LTS/bin/armcl" -mv7M4 --code_state=16 --float_support=vfplib -me --opt_for_speed=0 -g --define=cc3200 --define=__SL__ --define=ccs --diag_wrap=off --diag_warning=225 --display_error_number --abi=eabi -z -m"ProjectV3.map" --stack_size=0x800 --heap_size=0x800 -i"C:/TI/ccsv6/tools/compiler/ti-cgt-arm_15.12.1.LTS/lib" -i"C:/TI/ccsv6/tools/compiler/ti-cgt-arm_15.12.1.LTS/include" -i"C:/ti/CC3200SDK_1.2.0/cc3200-sdk/netapps/http/client/ccs/HTTPClientMinLib" -i"C:/ti/CC3200SDK_1.2.0/cc3200-sdk/netapps/json/ccs/Release/" --reread_libs --display_error_number --warn_sections --diag_wrap=off --xml_link_info="ProjectV3_linkInfo.xml" --rom_model -o "ProjectV3.out" "./ADXL345.obj" "./DS2401.obj" "./GPS.obj" "./HMC5883.obj" "./IMU.obj" "./MPL115A2.obj" "./NMEA.obj" "./NetworkFunctions.obj" "./SD_card.obj" "./SimpleLinkFunctions.obj" "./diskio.obj" "./gpio_if.obj" "./i2c_if.obj" "./main.obj" "./network_common.obj" "./pinmux2.obj" "./startup_ccs.obj" "./uart_if.obj" "../cc3200v1p32.cmd"  -llibc.a -l"C:/ti/CC3200SDK_1.2.0/cc3200-sdk/third_party/fatfs/ccs/Release/fatfs.a" -l"C:/ti/CC3200SDK_1.2.0/cc3200-sdk/driverlib/ccs/Release/driverlib.a" -l"C:/ti/CC3200SDK_1.2.0/cc3200-sdk/simplelink/ccs/NON_OS/simplelink.a" -lwebclient.a -ljson.a 
<Linking>
'Finished building target: ProjectV3.out'
' '
"C:/TI/ccsv6/utils/tiobj2bin/tiobj2bin" "ProjectV3.out" "ProjectV3.bin" "C:/TI/ccsv6/tools/compiler/ti-cgt-arm_15.12.1.LTS/bin/armofd" "C:/TI/ccsv6/tools/compiler/ti-cgt-arm_15.12.1.LTS/bin/armhex" "C:/TI/ccsv6/utils/tiobj2bin/mkhex4bin"
' '

**** Build Finished ****

**** Build of configuration Release for project ProjectV3 ****

"C:\\TI\\ccsv6\\utils\\bin\\gmake" -k all 
'Building file: ../main.c'
'Invoking: ARM Compiler'
"C:/TI/ccsv6/tools/compiler/ti-cgt-arm_15.12.1.LTS/bin/armcl" -mv7M4 --code_state=16 --float_support=vfplib -me --opt_for_speed=0 --include_path="C:/TI/ccsv6/tools/compiler/ti-cgt-arm_15.12.1.LTS/include" --include_path="C:/ti/CC3200SDK_1.2.0/cc3200-sdk/third_party/fatfs/src" --include_path="C:/ti/CC3200SDK_1.2.0/cc3200-sdk/netapps/" --include_path="C:/ti/CC3200SDK_1.2.0/cc3200-sdk/netapps/json/" --include_path="C:/ti/CC3200SDK_1.2.0/cc3200-sdk/driverlib/" --include_path="C:/ti/CC3200SDK_1.2.0/cc3200-sdk/inc/" --include_path="C:/ti/CC3200SDK_1.2.0/cc3200-sdk/example/common" --include_path="C:/ti/CC3200SDK_1.2.0/cc3200-sdk/simplelink/" --include_path="C:/ti/CC3200SDK_1.2.0/cc3200-sdk/simplelink/source" --include_path="C:/ti/CC3200SDK_1.2.0/cc3200-sdk/simplelink/include" --include_path="C:/ti/CC3200SDK_1.2.0/cc3200-sdk/simplelink_extlib/provisioninglib" -g --define=cc3200 --define=__SL__ --define=ccs --diag_wrap=off --diag_warning=225 --display_error_number --abi=eabi --preproc_with_compile --preproc_dependency="main.d"  "../main.c"
"../main.c", line 305: warning #112-D: statement is unreachable
"../main.c", line 71: warning #179-D: function "DisplayBanner" was declared but never referenced
'Finished building: ../main.c'
' '
'Building target: ProjectV3.out'
'Invoking: ARM Linker'
"C:/TI/ccsv6/tools/compiler/ti-cgt-arm_15.12.1.LTS/bin/armcl" -mv7M4 --code_state=16 --float_support=vfplib -me --opt_for_speed=0 -g --define=cc3200 --define=__SL__ --define=ccs --diag_wrap=off --diag_warning=225 --display_error_number --abi=eabi -z -m"ProjectV3.map" --stack_size=0x800 --heap_size=0x800 -i"C:/TI/ccsv6/tools/compiler/ti-cgt-arm_15.12.1.LTS/lib" -i"C:/TI/ccsv6/tools/compiler/ti-cgt-arm_15.12.1.LTS/include" -i"C:/ti/CC3200SDK_1.2.0/cc3200-sdk/netapps/http/client/ccs/HTTPClientMinLib" -i"C:/ti/CC3200SDK_1.2.0/cc3200-sdk/netapps/json/ccs/Release/" --reread_libs --display_error_number --warn_sections --diag_wrap=off --xml_link_info="ProjectV3_linkInfo.xml" --rom_model -o "ProjectV3.out" "./ADXL345.obj" "./DS2401.obj" "./GPS.obj" "./HMC5883.obj" "./IMU.obj" "./MPL115A2.obj" "./NMEA.obj" "./NetworkFunctions.obj" "./SD_card.obj" "./SimpleLinkFunctions.obj" "./diskio.obj" "./gpio_if.obj" "./i2c_if.obj" "./main.obj" "./network_common.obj" "./pinmux2.obj" "./startup_ccs.obj" "./uart_if.obj" "../cc3200v1p32.cmd"  -llibc.a -l"C:/ti/CC3200SDK_1.2.0/cc3200-sdk/third_party/fatfs/ccs/Release/fatfs.a" -l"C:/ti/CC3200SDK_1.2.0/cc3200-sdk/driverlib/ccs/Release/driverlib.a" -l"C:/ti/CC3200SDK_1.2.0/cc3200-sdk/simplelink/ccs/NON_OS/simplelink.a" -lwebclient.a -ljson.a 
<Linking>
'Finished building target: ProjectV3.out'
' '
"C:/TI/ccsv6/utils/tiobj2bin/tiobj2bin" "ProjectV3.out" "ProjectV3.bin" "C:/TI/ccsv6/tools/compiler/ti-cgt-arm_15.12.1.LTS/bin/armofd" "C:/TI/ccsv6/tools/compiler/ti-cgt-arm_15.12.1.LTS/bin/armhex" "C:/TI/ccsv6/utils/tiobj2bin/mkhex4bin"
' '

**** Build Finished ****
